<?xml version="1.0" encoding="utf-8"?><testsuites name="pytest tests"><testsuite name="pytest" errors="0" failures="0" skipped="0" tests="42" time="11.730" timestamp="2026-05-11T15:30:09.639025+00:00" hostname="agent-env-8ca01c41-b81e-4f1b-bd7f-80092dbdfa24"><testcase classname="backend.tests.test_backend_api.TestRoot" name="test_root_returns_app_info" time="0.264" /><testcase classname="backend.tests.test_backend_api.TestAuth" name="test_register_new_user_with_welcome_bonus" time="1.006" /><testcase classname="backend.tests.test_backend_api.TestAuth" name="test_register_duplicate_email" time="0.128" /><testcase classname="backend.tests.test_backend_api.TestAuth" name="test_admin_login" time="0.385" /><testcase classname="backend.tests.test_backend_api.TestAuth" name="test_demo_login" time="0.337" /><testcase classname="backend.tests.test_backend_api.TestAuth" name="test_login_invalid_password" time="0.432" /><testcase classname="backend.tests.test_backend_api.TestAuth" name="test_auth_me_with_bearer" time="0.464" /><testcase classname="backend.tests.test_backend_api.TestAuth" name="test_auth_me_without_token" time="0.190" /><testcase classname="backend.tests.test_backend_api.TestAuth" name="test_logout" time="0.118" /><testcase classname="backend.tests.test_backend_api.TestRates" name="test_get_rates" time="0.120" /><testcase classname="backend.tests.test_backend_api.TestRates" name="test_rates_history" time="0.196" /><testcase classname="backend.tests.test_backend_api.TestRates" name="test_rates_history_invalid_pair" time="0.176" /><testcase classname="backend.tests.test_backend_api.TestRates" name="test_rates_refresh_admin_only" time="0.129" /><testcase classname="backend.tests.test_backend_api.TestRates" name="test_rates_refresh_admin" time="0.628" /><testcase classname="backend.tests.test_backend_api.TestRates" name="test_rates_override_admin" time="0.337" /><testcase classname="backend.tests.test_backend_api.TestConvert" name="test_convert_eur_to_xof" time="0.301" /><testcase classname="backend.tests.test_backend_api.TestConvert" name="test_convert_insufficient_balance" time="0.123" /><testcase classname="backend.tests.test_backend_api.TestConvert" name="test_convert_invalid_amount" time="0.114" /><testcase classname="backend.tests.test_backend_api.TestConvert" name="test_convert_same_currency" time="0.119" /><testcase classname="backend.tests.test_backend_api.TestTransfer" name="test_transfer_by_email" time="0.436" /><testcase classname="backend.tests.test_backend_api.TestTransfer" name="test_transfer_self_rejected" time="0.125" /><testcase classname="backend.tests.test_backend_api.TestTransfer" name="test_transfer_insufficient" time="0.106" /><testcase classname="backend.tests.test_backend_api.TestTransfer" name="test_transfer_unknown_recipient" time="0.127" /><testcase classname="backend.tests.test_backend_api.TestQR" name="test_qr_me" time="0.127" /><testcase classname="backend.tests.test_backend_api.TestQR" name="test_qr_lookup_valid" time="0.377" /><testcase classname="backend.tests.test_backend_api.TestQR" name="test_qr_lookup_invalid" time="0.103" /><testcase classname="backend.tests.test_backend_api.TestTransactions" name="test_list_transactions" time="0.126" /><testcase classname="backend.tests.test_backend_api.TestTransactions" name="test_get_specific_transaction" time="0.269" /><testcase classname="backend.tests.test_backend_api.TestNotifications" name="test_list_notifications" time="0.117" /><testcase classname="backend.tests.test_backend_api.TestNotifications" name="test_mark_all_read" time="0.242" /><testcase classname="backend.tests.test_backend_api.TestAlerts" name="test_create_list_delete_alert" time="0.375" /><testcase classname="backend.tests.test_backend_api.TestFavorites" name="test_toggle_favorite" time="0.447" /><testcase classname="backend.tests.test_backend_api.TestProfile" name="test_update_profile" time="0.238" /><testcase classname="backend.tests.test_backend_api.TestAdmin" name="test_stats_admin_only" time="0.170" /><testcase classname="backend.tests.test_backend_api.TestAdmin" name="test_stats" time="0.123" /><testcase classname="backend.tests.test_backend_api.TestAdmin" name="test_users_list" time="0.123" /><testcase classname="backend.tests.test_backend_api.TestAdmin" name="test_users_search" time="0.108" /><testcase classname="backend.tests.test_backend_api.TestAdmin" name="test_admin_balance_credit_and_debit" time="0.442" /><testcase classname="backend.tests.test_backend_api.TestAdmin" name="test_admin_balance_negative_rejected" time="0.273" /><testcase classname="backend.tests.test_backend_api.TestAdmin" name="test_admin_block_and_unblock" time="0.782" /><testcase classname="backend.tests.test_backend_api.TestAdmin" name="test_admin_cannot_delete_self" time="0.228" /><testcase classname="backend.tests.test_backend_api.TestAdmin" name="test_admin_delete_user" time="0.620" /></testsuite></testsuites>