<?xml version="1.0" encoding="utf-8"?><testsuites name="pytest tests"><testsuite name="pytest" errors="0" failures="0" skipped="0" tests="59" time="21.812" timestamp="2026-05-11T20:03:38.848858+00:00" hostname="agent-env-8ca01c41-b81e-4f1b-bd7f-80092dbdfa24"><testcase classname="backend.tests.test_backend_api.TestRoot" name="test_root_returns_app_info" time="0.373" /><testcase classname="backend.tests.test_backend_api.TestAuth" name="test_register_new_user_with_welcome_bonus" time="0.962" /><testcase classname="backend.tests.test_backend_api.TestAuth" name="test_register_duplicate_email" time="0.155" /><testcase classname="backend.tests.test_backend_api.TestAuth" name="test_admin_login" time="0.345" /><testcase classname="backend.tests.test_backend_api.TestAuth" name="test_demo_login" time="0.431" /><testcase classname="backend.tests.test_backend_api.TestAuth" name="test_login_invalid_password" time="0.359" /><testcase classname="backend.tests.test_backend_api.TestAuth" name="test_auth_me_with_bearer" time="0.907" /><testcase classname="backend.tests.test_backend_api.TestAuth" name="test_auth_me_without_token" time="0.144" /><testcase classname="backend.tests.test_backend_api.TestAuth" name="test_logout" time="0.111" /><testcase classname="backend.tests.test_backend_api.TestRates" name="test_get_rates" time="0.112" /><testcase classname="backend.tests.test_backend_api.TestRates" name="test_rates_history" time="0.168" /><testcase classname="backend.tests.test_backend_api.TestRates" name="test_rates_history_invalid_pair" time="0.127" /><testcase classname="backend.tests.test_backend_api.TestRates" name="test_rates_refresh_admin_only" time="0.119" /><testcase classname="backend.tests.test_backend_api.TestRates" name="test_rates_refresh_admin" time="0.297" /><testcase classname="backend.tests.test_backend_api.TestRates" name="test_rates_override_admin" time="0.345" /><testcase classname="backend.tests.test_backend_api.TestConvert" name="test_convert_eur_to_xof" time="0.274" /><testcase classname="backend.tests.test_backend_api.TestConvert" name="test_convert_insufficient_balance" time="0.176" /><testcase classname="backend.tests.test_backend_api.TestConvert" name="test_convert_invalid_amount" time="0.211" /><testcase classname="backend.tests.test_backend_api.TestConvert" name="test_convert_same_currency" time="0.117" /><testcase classname="backend.tests.test_backend_api.TestTransfer" name="test_transfer_by_email" time="0.391" /><testcase classname="backend.tests.test_backend_api.TestTransfer" name="test_transfer_self_rejected" time="0.119" /><testcase classname="backend.tests.test_backend_api.TestTransfer" name="test_transfer_insufficient" time="0.130" /><testcase classname="backend.tests.test_backend_api.TestTransfer" name="test_transfer_unknown_recipient" time="0.127" /><testcase classname="backend.tests.test_backend_api.TestQR" name="test_qr_me" time="0.208" /><testcase classname="backend.tests.test_backend_api.TestQR" name="test_qr_lookup_valid" time="0.235" /><testcase classname="backend.tests.test_backend_api.TestQR" name="test_qr_lookup_invalid" time="0.156" /><testcase classname="backend.tests.test_backend_api.TestTransactions" name="test_list_transactions" time="0.190" /><testcase classname="backend.tests.test_backend_api.TestTransactions" name="test_get_specific_transaction" time="0.285" /><testcase classname="backend.tests.test_backend_api.TestNotifications" name="test_list_notifications" time="0.172" /><testcase classname="backend.tests.test_backend_api.TestNotifications" name="test_mark_all_read" time="0.248" /><testcase classname="backend.tests.test_backend_api.TestAlerts" name="test_create_list_delete_alert" time="0.393" /><testcase classname="backend.tests.test_backend_api.TestFavorites" name="test_toggle_favorite" time="0.233" /><testcase classname="backend.tests.test_backend_api.TestProfile" name="test_update_profile" time="0.240" /><testcase classname="backend.tests.test_backend_api.TestAdmin" name="test_stats_admin_only" time="0.177" /><testcase classname="backend.tests.test_backend_api.TestAdmin" name="test_stats" time="0.108" /><testcase classname="backend.tests.test_backend_api.TestAdmin" name="test_users_list" time="0.138" /><testcase classname="backend.tests.test_backend_api.TestAdmin" name="test_users_search" time="0.155" /><testcase classname="backend.tests.test_backend_api.TestAdmin" name="test_admin_balance_credit_and_debit" time="0.455" /><testcase classname="backend.tests.test_backend_api.TestAdmin" name="test_admin_balance_negative_rejected" time="0.244" /><testcase classname="backend.tests.test_backend_api.TestAdmin" name="test_admin_block_and_unblock" time="0.747" /><testcase classname="backend.tests.test_backend_api.TestAdmin" name="test_admin_cannot_delete_self" time="0.341" /><testcase classname="backend.tests.test_backend_api.TestAdmin" name="test_admin_delete_user" time="0.998" /><testcase classname="backend.tests.test_new_features_v2.TestNewCurrencies" name="test_root_lists_19_currencies" time="0.110" /><testcase classname="backend.tests.test_new_features_v2.TestNewCurrencies" name="test_rates_include_new_currencies" time="0.141" /><testcase classname="backend.tests.test_new_features_v2.TestUsersCheck" name="test_check_existing_user" time="0.109" /><testcase classname="backend.tests.test_new_features_v2.TestUsersCheck" name="test_check_non_existing_user" time="0.161" /><testcase classname="backend.tests.test_new_features_v2.TestUsersCheck" name="test_check_self" time="0.113" /><testcase classname="backend.tests.test_new_features_v2.TestUsersCheck" name="test_check_requires_auth" time="1.170" /><testcase classname="backend.tests.test_new_features_v2.TestChangePassword" name="test_change_password_success_and_login_with_new" time="2.153" /><testcase classname="backend.tests.test_new_features_v2.TestChangePassword" name="test_change_password_wrong_old" time="1.195" /><testcase classname="backend.tests.test_new_features_v2.TestChangePassword" name="test_change_password_too_short" time="0.950" /><testcase classname="backend.tests.test_new_features_v2.TestProfilePicture" name="test_update_picture_base64" time="0.402" /><testcase classname="backend.tests.test_new_features_v2.TestVault" name="test_vault_lock_50_eur_for_30_days" time="0.715" /><testcase classname="backend.tests.test_new_features_v2.TestVault" name="test_vault_unlock_in_past_rejected" time="0.134" /><testcase classname="backend.tests.test_new_features_v2.TestVault" name="test_vault_insufficient_balance" time="0.134" /><testcase classname="backend.tests.test_new_features_v2.TestVault" name="test_vault_early_withdraw_5pct_penalty" time="0.443" /><testcase classname="backend.tests.test_new_features_v2.TestVault" name="test_vault_full_withdraw_after_unlock" time="0.597" /><testcase classname="backend.tests.test_new_features_v2.TestVault" name="test_vault_double_withdraw_rejected" time="0.491" /><testcase classname="backend.tests.test_new_features_v2.TestConvertNewCurrencies" name="test_convert_eur_to_aud" time="0.399" /></testsuite></testsuites>